<?xml version="1.0" encoding="UTF-8"?>
<!-- Generated by org.testng.reporters.JUnitXMLReporter -->
<testsuite ignored="0" hostname="DESKTOP-88VP3Q4" failures="1" tests="1" name="RegisterPage" time="17.547" errors="0" timestamp="2025-07-13T09:35:23 IST">
  <testcase classname="testclasses.IFramePractiseTestClass" name="framesPractice" time="0.21">
    <failure type="java.lang.NullPointerException" message="Cannot invoke &amp;quot;org.openqa.selenium.WebElement.isSelected()&amp;quot; because &amp;quot;this.val$element&amp;quot; is null">
      <![CDATA[java.lang.NullPointerException: Cannot invoke "org.openqa.selenium.WebElement.isSelected()" because "this.val$element" is null
at org.openqa.selenium.support.ui.ExpectedConditions$26.apply(ExpectedConditions.java:752)
at org.openqa.selenium.support.ui.ExpectedConditions$26.apply(ExpectedConditions.java:749)
at org.openqa.selenium.support.ui.FluentWait.until(FluentWait.java:205)
at utilities.CommonClasses.iFrames(CommonClasses.java:68)
at pages.IFramePractisePage.FramesSwitch(IFramePractisePage.java:24)
at testclasses.IFramePractiseTestClass.framesPractice(IFramePractiseTestClass.java:13)
at java.base/java.util.ArrayList.forEach(ArrayList.java:1596)
... Removed 25 stack frames]]>
    </failure>
  </testcase> <!-- framesPractice -->
</testsuite> <!-- RegisterPage -->
