<?xml version="1.0" encoding="UTF-8"?>
<!-- Generated by org.testng.reporters.JUnitXMLReporter -->
<testsuite ignored="0" hostname="LAPTOP-694OGOAA" failures="1" tests="7" name="RegisterTest" time="7.894" errors="0" timestamp="2025-07-23T07:10:58 IST">
  <testcase classname="testclasses.HomePageTestClass" name="MyAccountTest" time="1.552"/>
  <testcase classname="testclasses.RegisterPageTestClass" name="RegisterPageTest" time="1.676"/>
  <testcase classname="testclasses.RegisterPageTestClass" name="TestFail" time="0.013">
    <skipped/>
  </testcase> <!-- TestFail -->
  <testcase classname="testclasses.RegisterPageTestClass" name="TestFail" time="0.006">
    <skipped/>
  </testcase> <!-- TestFail -->
  <testcase classname="testclasses.RegisterPageTestClass" name="TestFail" time="0.005">
    <skipped/>
  </testcase> <!-- TestFail -->
  <testcase classname="testclasses.RegisterPageTestClass" name="TestFail" time="0.001">
    <failure type="java.lang.AssertionError" message="Failed expected [true] but found [false]">
      <![CDATA[java.lang.AssertionError: Failed expected [true] but found [false]
at testclasses.RegisterPageTestClass.TestFail(RegisterPageTestClass.java:27)
at java.base/java.util.ArrayList.forEach(ArrayList.java:1511)
... Removed 30 stack frames]]>
    </failure>
  </testcase> <!-- TestFail -->
  <testcase classname="testclasses.RegisterPageTestClass" name="TestSkip" time="0.0">
    <skipped/>
  </testcase> <!-- TestSkip -->
</testsuite> <!-- RegisterTest -->
